<?xml version="1.0" encoding="UTF-8"?>
<!-- Generated by org.testng.reporters.JUnitXMLReporter -->
<testsuite ignored="0" hostname="DESKTOP-73C4MT4" failures="2" tests="2" name="Command line test" time="15.867" errors="0" timestamp="2025-03-06T00:35:43 TRT">
  <testcase classname="ChargingStationNegativeTest" name="testChargingStation" time="0.006">
    <failure type="java.lang.NullPointerException">
      <![CDATA[java.lang.NullPointerException
at java.base/java.util.Objects.requireNonNull(Objects.java:208)
at org.openqa.selenium.support.ui.FluentWait.<init>(FluentWait.java:106)
at org.openqa.selenium.support.ui.WebDriverWait.<init>(WebDriverWait.java:85)
at org.openqa.selenium.support.ui.WebDriverWait.<init>(WebDriverWait.java:45)
at Pages.NearestStationsListPage.<init>(NearestStationsListPage.java:16)
at ChargingStationNegativeTest.testChargingStation(ChargingStationNegativeTest.java:14)
at java.base/java.util.ArrayList.forEach(ArrayList.java:1511)
... Removed 37 stack frames]]>
    </failure>
  </testcase> <!-- testChargingStation -->
  <testcase classname="ChargingStationTest" name="testChargingStation" time="0.0">
    <failure type="java.lang.NullPointerException">
      <![CDATA[java.lang.NullPointerException
at java.base/java.util.Objects.requireNonNull(Objects.java:208)
at org.openqa.selenium.support.ui.FluentWait.<init>(FluentWait.java:106)
at org.openqa.selenium.support.ui.WebDriverWait.<init>(WebDriverWait.java:85)
at org.openqa.selenium.support.ui.WebDriverWait.<init>(WebDriverWait.java:45)
at Pages.NearestStationsListPage.<init>(NearestStationsListPage.java:16)
at ChargingStationTest.testChargingStation(ChargingStationTest.java:16)
at java.base/java.util.ArrayList.forEach(ArrayList.java:1511)
... Removed 37 stack frames]]>
    </failure>
  </testcase> <!-- testChargingStation -->
</testsuite> <!-- Command line test -->
