<?xml version="1.0" encoding="UTF-8" ?>
<testsuite tests="2" failures="2" name="TestSuite" time="0.012" errors="0" skipped="0">
  <properties>
[...]
</properties>
  <testcase classname="ChargingStationNegativeTest" name="testChargingStation" time="0.011">
    <failure type="java.lang.NullPointerException">java.lang.NullPointerException
	at java.base/java.util.Objects.requireNonNull(Objects.java:208)
	at org.openqa.selenium.support.ui.FluentWait.&lt;init&gt;(FluentWait.java:106)
	at org.openqa.selenium.support.ui.WebDriverWait.&lt;init&gt;(WebDriverWait.java:85)
	at org.openqa.selenium.support.ui.WebDriverWait.&lt;init&gt;(WebDriverWait.java:45)
	at Pages.NearestStationsListPage.&lt;init&gt;(NearestStationsListPage.java:16)
	at ChargingStationNegativeTest.testChargingStation(ChargingStationNegativeTest.java:14)
</failure>
    <system-out>Configuring TestNG with: org.apache.maven.surefire.testng.conf.TestNG652Configurator@3c5a99da
Driver initialized successfully.
</system-out>
    <system-err>Mar 06, 2025 12:35:34 AM io.appium.java_client.remote.AppiumCommandExecutor$1 lambda$0
INFO: Detected dialect: W3C
</system-err>
  </testcase>
  <testcase classname="ChargingStationTest" name="testChargingStation" time="0.001">
    <failure type="java.lang.NullPointerException">java.lang.NullPointerException
	at java.base/java.util.Objects.requireNonNull(Objects.java:208)
	at org.openqa.selenium.support.ui.FluentWait.&lt;init&gt;(FluentWait.java:106)
	at org.openqa.selenium.support.ui.WebDriverWait.&lt;init&gt;(WebDriverWait.java:85)
	at org.openqa.selenium.support.ui.WebDriverWait.&lt;init&gt;(WebDriverWait.java:45)
	at Pages.NearestStationsListPage.&lt;init&gt;(NearestStationsListPage.java:16)
	at ChargingStationTest.testChargingStation(ChargingStationTest.java:16)
</failure>
    <system-out>Driver closed successfully.
Driver initialized successfully.
</system-out>
    <system-err>Mar 06, 2025 12:35:42 AM io.appium.java_client.remote.AppiumCommandExecutor$1 lambda$0
INFO: Detected dialect: W3C
</system-err>
  </testcase>
</testsuite>